Init cloud connection
Cloud settings found fields:
{'field3': 'CO2', 'field8': 'Battery level', 'field2': 'Humidity', 'field1': 'Temperature', 'field5': 'Red', 'field4': 'TVOC'}
No available channels

Scanning for devices....
  -IAQ Feather52 	(e7:0f:30:0b:34:37) 	RSSI=-71 dB
  -IAQ Feather52 	(f1:65:49:7b:1d:f6) 	RSSI=-61 dB
  -IAQ Feather52 	(cd:d0:a1:36:2e:76) 	RSSI=-70 dB
Preparing peripherals:

 Peripheral:	e7:0f:30:0b:34:37
  Found recognized service: Environmental Sensing
   Added characteristics: Temperature
   Added characteristics: Humidity
   (Unused characteristics: Pressure)
   (Unused characteristics: e0bbcb11-b2ff-9690-3842-5eabcdcb1ac2)
   (Unused characteristics: Dew Point)

 Peripheral:	f1:65:49:7b:1d:f6
  Found recognized service: Environmental Sensing
   Added characteristics: Temperature
   Added characteristics: Humidity
   (Unused characteristics: Pressure)
   (Unused characteristics: e0bbcb11-b2ff-9690-3842-5eabcdcb1ac2)
   (Unused characteristics: Dew Point)

 Peripheral:	cd:d0:a1:36:2e:76
  Found recognized service: Environmental Sensing
   Added characteristics: Temperature
   Added characteristics: Humidity
   (Unused characteristics: Pressure)
   (Unused characteristics: e0bbcb11-b2ff-9690-3842-5eabcdcb1ac2)
   (Unused characteristics: Dew Point)
   (Unused characteristics: e0bbcb11-b2ff-9690-3842-5eabcdcb1ac0)
   (Unused characteristics: e0bbcb11-b2ff-9690-3842-5eabcdcb1ac1)
Creating channel
Only one channel
new channel parsed
Creating channel
Only one channel
new channel parsed
Creating channel
Only one channel
new channel parsed
Reading peripherals:
Failed to prepare peripheral
Time: 2018-05-03 09:37:52.021838


Scanning for devices....
  -IAQ Sensor 	(d5:21:56:28:b0:af) 	RSSI=-60 dB
Preparing peripherals:

 Peripheral:	d5:21:56:28:b0:af
  Found recognized service: Environmental Sensing
   Added characteristics: Temperature
   Added characteristics: Battery Level
   Added characteristics: Temperature
   Added characteristics: Humidity
   Added characteristics: 0201
   Added characteristics: 0202
   Added characteristics: 0203
   (Unused characteristics: 0204)
   (Unused characteristics: 0205)
   (Unused characteristics: 0206)
Creating channel
Only one channel
new channel parsed
Reading peripherals:
Failed to prepare peripheral
Time: 2018-05-03 09:39:01.818474


Scanning for devices....
Init cloud connection
Cloud settings found fields:
{'field4': 'TVOC', 'field3': 'CO2', 'field1': 'Temperature', 'field8': 'Battery level', 'field5': 'Red', 'field2': 'Humidity'}
Cloud connection Error


Scanning for devices....
  -IAQ Feather52 	(f1:65:49:7b:1d:f6) 	RSSI=-51 dB
  -IAQ Feather52 	(e7:0f:30:0b:34:37) 	RSSI=-70 dB
  -IAQ Feather52 	(cd:d0:a1:36:2e:76) 	RSSI=-71 dB
Preparing peripherals:

 Peripheral:	f1:65:49:7b:1d:f6
  Found recognized service: Environmental Sensing
   Added characteristics: Temperature
   Added characteristics: Humidity
   (Unused characteristics: Pressure)
   (Unused characteristics: e0bbcb11-b2ff-9690-3842-5eabcdcb1ac2)
   (Unused characteristics: Dew Point)

 Peripheral:	e7:0f:30:0b:34:37
  Found recognized service: Environmental Sensing
   Added characteristics: Temperature
   Added characteristics: Humidity
   (Unused characteristics: Pressure)
   (Unused characteristics: e0bbcb11-b2ff-9690-3842-5eabcdcb1ac2)
   (Unused characteristics: Dew Point)

 Peripheral:	cd:d0:a1:36:2e:76
  Found recognized service: Environmental Sensing
   Added characteristics: Temperature
   Added characteristics: Humidity
   (Unused characteristics: Pressure)
   (Unused characteristics: e0bbcb11-b2ff-9690-3842-5eabcdcb1ac2)
   (Unused characteristics: Dew Point)
   (Unused characteristics: e0bbcb11-b2ff-9690-3842-5eabcdcb1ac0)
   (Unused characteristics: e0bbcb11-b2ff-9690-3842-5eabcdcb1ac1)
Creating channel
Only one channel
new channel parsed
Creating channel
Only one channel
new channel parsed
Creating channel
Only one channel
new channel parsed
Reading peripherals:
Failed to prepare peripheral
Time: 2018-05-03 09:43:36.394710

Init cloud connection
Cloud settings found fields:
{'field4': 'TVOC', 'field1': 'Temperature', 'field5': 'Red', 'field2': 'Humidity', 'field3': 'CO2', 'field8': 'Battery level'}
Channel info request succesfull!

Scanning for devices....
  -IAQ Feather52 	(cd:d0:a1:36:2e:76) 	RSSI=-70 dB
  -IAQ Feather52 	(e7:0f:30:0b:34:37) 	RSSI=-72 dB
  -IAQ Feather52 	(f1:65:49:7b:1d:f6) 	RSSI=-54 dB
Preparing peripherals:

 Peripheral:	cd:d0:a1:36:2e:76
  Found recognized service: Environmental Sensing
   Added characteristics: Temperature
   Added characteristics: Humidity
   (Unused characteristics: Pressure)
   (Unused characteristics: e0bbcb11-b2ff-9690-3842-5eabcdcb1ac2)
   (Unused characteristics: Dew Point)
   (Unused characteristics: e0bbcb11-b2ff-9690-3842-5eabcdcb1ac0)
   (Unused characteristics: e0bbcb11-b2ff-9690-3842-5eabcdcb1ac1)

 Peripheral:	e7:0f:30:0b:34:37
  Found recognized service: Environmental Sensing
   Added characteristics: Temperature
   Added characteristics: Humidity
   (Unused characteristics: Pressure)
   (Unused characteristics: e0bbcb11-b2ff-9690-3842-5eabcdcb1ac2)
   (Unused characteristics: Dew Point)

 Peripheral:	f1:65:49:7b:1d:f6
  Found recognized service: Environmental Sensing
   Added characteristics: Temperature
   Added characteristics: Humidity
   (Unused characteristics: Pressure)
   (Unused characteristics: e0bbcb11-b2ff-9690-3842-5eabcdcb1ac2)
   (Unused characteristics: Dew Point)
Reading peripherals:
Failed to prepare peripheral
Time: 2018-05-03 09:45:08.924544


Scanning for devices....
